<?xml version="1.0" encoding="UTF-8"?>
<testsuite name="GigasecondTest" tests="5" skipped="0" failures="0" errors="0" timestamp="2017-06-29T11:08:56" hostname="CODECLAN054.local" time="0.059">
  <properties/>
  <testcase name="withFullTimeSpecified" classname="GigasecondTest" time="0.005"/>
  <testcase name="modernTime" classname="GigasecondTest" time="0.051"/>
  <testcase name="beforeEpochTime" classname="GigasecondTest" time="0.0"/>
  <testcase name="afterEpochTime" classname="GigasecondTest" time="0.001"/>
  <testcase name="withFullTimeSpecifiedAndDayRollover" classname="GigasecondTest" time="0.001"/>
  <system-out><![CDATA[]]></system-out>
  <system-err><![CDATA[]]></system-err>
</testsuite>
